<?xml version="1.0" encoding="UTF-8"?><testsuite errors="0" failures="0" name="com.assettracking.junit.assettrackingInfo.AssetTrackingCRUDTest" skipped="0" tests="4" time="4.79" timestamp="2018-10-17 06:33:15"><testcase classname="com.assettracking.junit.assettrackingInfo.AssetTrackingCRUDTest" name="This test will create a Data to Asset Tracking"/><testcase classname="com.assettracking.junit.assettrackingInfo.AssetTrackingCRUDTest" name="Verify if Data was added to the application"/><testcase classname="com.assettracking.junit.assettrackingInfo.AssetTrackingCRUDTest" name="Update information from pulse end-point"/><testcase classname="com.assettracking.junit.assettrackingInfo.AssetTrackingCRUDTest" name="Delete information from pulse end-point and verify its Deleted!"/></testsuite>